2352 2764 -0.130284483943012 0.8967568
7236 8506 0.521061984529205 0.7176577
3169 3744 0.628384526310905 0.1798198
4087 4960 -0.305954622553007 0.05747748
1558 1829 0.763024277861034 0.6753153
2074 2428 -0.556293283674528 0.4931532
4889 5776 0.108333193662686 0.4852252
1909 2246 1.61125863195175 0.4936937
6126 7221 -0.207551074284207 0.5113513
1873 2197 -1.17294222536713 0.7016216
7229 8498 -0.516518300827473 0.6998198
2193 2584 -0.251065751167564 0.8064865
1132 1353 -1.49209051444375 0.2333333
1606 1893 1.54058722213663 0.2956757
224 296 -0.744590954757079 0.4522522
919 1095 -0.783050113351821 0.5544144
4802 5693 -1.07928334483944 0.9187387
2433 2889 0.0484072591153167 0.5181982
3978 4675 0.180878654852184 0.7601802
4384 5141 0.449483687134072 0.5978379
6630 7836 0.439239054781366 0.9931532
1185 1427 0.0146897857045567 0.4618018
7601 8925 -0.227756263203306 0.218018
1595 1876 -0.497010915339899 0.3187387
7304 8588 -0.520456769776066 0.2672072
7457 8738 -1.00031369774899 0.2596397
1882 2209 0.0828171303030349 0.8661261
4728 5594 -1.5851969608676 0.4992793
2108 2469 0.726255737830703 0.5655856
636 743 -0.894854468556796 0.1342342
2276 2685 0.10735712159989 0.07747748
6990 8238 -0.544753993916664 0.1363964
2414 2855 -0.702723829903546 0.2279279
4126 4828 0.0591568605378458 0.1138739
1437 1708 0.852233771754979 0.7327928
97 129 0.0602443724291474 0.6201802
4013 4717 0.667817150634184 1.051892
1803 2109 -0.624126266348651 0.7032433
7184 8446 0.811291714941165 0.301982
5386 6363 -1.50699582028841 0.1347748
4581 5391 -0.356491856908222 0.849009
6168 7269 -1.25422466840729 0.5668468
1755 2082 0.140307132781017 0.670991
1852 2174 -0.134152955820882 0.6772973
7301 8585 0.555864765739265 0.6154955
6888 8117 -0.119475123419563 0.3715315
5808 6857 0.150426779077047 0.8472072
478 573 1.52605023459637 0.6327928
4740 5621 -0.333728042091594 0.7410811
3584 4206 0.439138502975997 0.4630631
6024 7119 -1.55104689574689 0.4434234
6311 7456 1.19253573708987 0.4172973
6656 7867 -1.97475137508108 0.3014414
5075 6160 -0.88047893823721 0.6783784
3716 4364 -0.890926757148423 0.5390991
7045 8305 0.284561622302454 0.9176577
4678 5495 -0.461564005811509 0.8126126
4393 5153 0.258610536680127 0.4688288
689 817 0.473324032728709 0.3320721
1373 1626 -1.85540502943695 0.0981982
4042 4754 -0.788627790879676 0.7201802
1885 2214 -0.196873072336421 0.2763964
3025 3596 -1.7043362045024 0.2868468
3152 3721 -0.836716799586563 0.6075675
2444 2902 1.63895212266754 0.7052252
7270 8546 -0.669784106291989 0.250991
1648 1951 0.421106791774934 0.9106306
7320 8606 -1.41016865120886 0.4452252
4462 5238 0.39324437690623 0.6533333
6133 7228 0.5788187212936 0.4313514
3361 3956 0.160033471680341 0.8895496
6242 7371 1.22924042842858 0.1037838
3388 3992 1.32853788143078 0.6699099
4772 5657 -0.810418581768498 0.8227027
3831 4620 1.0512334960857 0.4989189
2791 3380 1.23848070916084 0.26
7340 8628 0.479333629952492 0.9064865
4269 5018 -0.454767418425858 0.6291892
6109 7500 -1.47655478550887 0.5918919
201 267 0.369687493246153 0.6781982
3951 4635 -2.53386140974307 0.3124324
3704 4349 -0.900032776943723 0.3344144
7547 8848 0.685066297700352 0.6023424
6205 7324 -1.93095482381334 0.6300901
2195 2587 -0.348757919972551 0.8855856
6920 8155 1.14811515076615 0.1774775
6195 7307 -1.44730131753444 0.1827027
6548 7767 -1.21082877544132 0.5318919
1637 1938 -0.348976621331917 0.581982
445 532 0.692055929333213 0.1252252
7020 8273 -1.32845262076211 0.7515315
6323 7473 0.403081595689059 0.9715315
7173 8432 1.98067311428904 0.1464865
4790 5679 0.820773916909626 0.3972973
773 906 0.703418414172432 0.2603604
5373 6346 0.816516474492811 0.3636036
5670 6686 1.07547313228251 0.5475675
1834 2152 -1.41378938225159 0.8742343
3575 4470 -2.8034393486353 0.7720721
1447 1723 0.686127129405147 0.1744144
1100 1308 0.00784772462717849 0.7872072
5340 6309 -1.22694406921042 0.9899099
5524 6536 -0.226834005501817 0.9531531
6304 7447 1.01512552982307 0.9990991
1636 1937 -1.01370489361123 0.1172973
5629 6637 1.54241600273379 0.4144144
1683 1992 1.84776270533395 0.3533333
7100 8375 0.51117694954934 0.794955
5369 6341 2.7899269473688 0.9846847
2213 2608 0.897587150193976 0.9162162
5 170 0.832581829211347 0.5353153
6163 7264 -1.75374762707999 0.5724325
7484 8772 -0.166193753432646 0.7482883
5914 6967 -0.473769805753486 0.5403603
4842 5713 1.37541091353858 0.7028829
1792 2130 -0.757874667606647 0.4207207
2831 3356 -0.784011636243048 0.4958559
4333 5094 2.00222173859498 0.107027
2221 2617 -0.577840681802589 0.9482883
7422 9000 0.220028626906469 0.7034234
6576 7910 -1.22509860040199 0.2324324
1480 1762 0.754486976981229 0.9715315
6017 7108 1.32059047774906 0.1526126
6838 8087 -2.17278275828291 1.003243
3440 4062 0.170079953774714 0.1805405
4075 4796 -0.796763317873686 0.6455856
4366 5116 -0.816533705128571 1.004144
4303 5058 1.18017737551712 0.5068468
5479 6479 0.33893080365969 0.8547748
1282 1517 -0.337638806483637 0.2178378
5821 6876 0.00082893387297967 0.5333334
7302 8586 0.502171665752793 0.7742342
7232 8502 -0.51510234196104 0.8140541
2614 3097 -1.45033922867917 0.8081081
3738 4389 -2.91430231768648 0.6895496
440 526 -0.696512698173436 0.8057657
1658 1963 0.452626562059227 0.6702703
7585 8905 -0.143348370139346 0.6500901
1949 2298 0.140159991843361 0.8484685
1475 1756 -1.10358326427626 0.585946
4963 5869 1.02376537454652 0.438018
1641 1943 0.319517867277343 1.040721
921 1097 -0.0449949767002014 0.2118919
3130 3695 0.933793167658429 0.6852252
5220 6181 -2.32014457697653 0.1881081
364 434 0.224932743226373 0.6025226
7625 8955 1.33440192840728 0.1740541
5676 6694 -0.551929447359446 0.4162162
6157 7257 -0.442178327774375 0.2848649
1879 2204 0.782411199594757 0.714054
1375 1628 -0.121150332912425 0.06648649
2463 2929 -0.540713160297991 0.5989189
1772 2220 -0.954673849674006 0.7774775
5374 6347 -1.34893149106178 0.4565766
3814 4484 1.00851819235425 0.7491892
6091 7330 0.886754727805549 0.4778378
587 682 -0.878692362618065 0.4645045
6619 7824 -1.2033673313159 0.8263063
7292 8575 0.758748888457092 0.4473874
1462 1742 0.29557977645013 0.3446847
1116 1333 0.155441444717069 0.9302703
6601 7850 -1.48582475902653 0.3135135
5033 5958 0.889376054702371 0.8848649
150 198 -1.20834850894487 0.4715315
5278 6268 -0.538757572208414 0.7708108
542 622 0.46310984755263 0.8446847
7647 8982 0.240835470438638 0.05837838
6851 8220 -0.641332407704137 0.9311712
5726 6754 0.339515021306575 0.687027
3041 3620 -0.0974055470862572 0.3248649
1685 1994 -0.797130051863129 0.0763964
2400 2829 0.0404687995592835 0.1072072
2091 2447 0.368367787461699 0.7596396
3223 3817 0.874220028479644 0.07207207
3823 4496 0.608376390221466 0.3246847
5326 6590 0.604264589955353 0.2774775
3953 4637 0.0709466642343014 0.8072072
1655 1958 0.514858284370583 0.543964
7049 8309 1.25674563507791 0.7522523
6684 7901 -1.02401264593789 0.1212613
7206 8472 1.01753158834385 0.1695496
5672 6689 -1.75961329100945 1.02018
7087 8361 0.00616404589016774 0.7479279
7390 8692 0.524560458867504 0.5005406
103 137 -0.787288022108766 0.04234234
3003 3563 -0.828332000784904 0.6007207
47 63 -1.7222012769412 0.5778378
1617 1908 0.167681534996185 0.5754955
4451 5225 -2.49025443504069 0.3064865
3091 3642 -0.694127977252816 0.2030631
3588 4208 -1.2699278533754 0.7951351
2428 2877 -1.28436652843806 0.6767567
6800 8039 -1.76478631944015 0.7936937
3484 4111 0.0239614780612483 0.7293693
7628 8959 -0.365949874336672 0.4236036
1684 1993 -2.72695614963853 0.9455856
2722 3234 0.324581484970364 0.4726126
2646 3135 -1.08930206014334 0.645946
4556 5354 -0.327488477768049 0.5668468
1870 2194 0.791869331820104 0.9201802
4396 5156 1.45691238206564 0.16
3171 3746 -1.04956308727133 0.789009
2330 2727 -3.00700172562491 0.8464865
995 1189 0.805740657984867 0.4333333
7336 8624 -0.0114666918713036 0.5810811
4301 5056 1.39110058430966 0.9358559
5332 6305 -0.562716385925487 0.9875675
2247 2652 -0.303358405117102 0.5745946
6256 7391 -1.12914889690111 0.2081081
2586 3065 -0.632258757190029 0.4603603
2676 3173 -1.29355692879678 0.956036
3607 4227 -0.105756533145275 0.4014415
5530 6544 -0.315376586189932 0.3663063
568 656 1.73046930575339 1.04036
2188 2576 0.0150119737555464 0.5636036
4914 5809 0.898620710414857 0.209009
6186 7292 -0.0862800660228712 0.3457658
4358 5104 0.128048120735796 0.9331532
3393 3998 0.85513325721991 0.2153153
3321 3960 -0.489387155225194 0.8108108
2536 3290 1.76963479094791 0.9075676
1115 1332 -1.22921157070722 0.361982
17 280 0.469084287375743 0.650991
6318 7466 1.52344810124973 0.2455856
3576 4480 0.272070951660184 0.9940541
6763 7993 -2.54300012899672 0.3527928
6674 7888 0.0697694096604946 0.2363964
1783 2320 1.06336939789964 0.9363964
4753 5635 0.277655714974444 0.3583784
3180 3757 -0.267223460826081 0.8036036
3191 3776 2.10056040729527 0.9416216
395 474 -1.64491112644668 0.4261261
7430 8770 0.525790357442619 0.7472072
123 164 -0.98354331831785 0.1410811
6253 7387 0.74121780479038 0.4938739
724 867 -1.18885834935892 0.7518919
3056 3650 -0.201122869227357 0.3052252
2105 2466 2.27981911776556 0.9965765
771 905 0.811709140977778 0.478018
1866 2189 -0.534271656430954 0.7345946
953 1138 0.260757220615827 0.9455856
3999 4699 -1.47013957852497 0.07333333
7101 8376 0.661117508353637 0.9412612
4830 5703 0.734143252963012 0.6036036
7333 8621 -1.29626180391648 0.4531532
144 191 1.22262351974492 0.7720721
5081 6200 0.472318894856 0.2506306
5246 6223 1.01423610796216 0.7857658
1456 1735 -0.739743788340111 0.8223423
4742 5623 2.03581230261959 0.5063063
4564 5366 0.592284411456752 0.7556757
5855 7140 0.182552061515741 0.4093694
2301 2930 -0.435565734002517 0.6003603
7002 8253 0.346719214114564 0.210991
185 243 -0.398076783509591 0.6291892
3112 3671 -0.317485060365589 0.830991
4769 5654 1.30403341908107 0.8126126
4704 5544 1.76362458892946 0.4828829
5937 7005 1.29368454321532 0.09405405
7364 8655 0.21350528915074 0.9326126
3019 3586 -1.28502216757225 0.2745946
4315 5073 -0.157678150336925 0.6962162
5156 6096 -0.600728550719963 0.9118919
7455 8736 0.0392337080784915 0.5720721
4599 5600 -0.00106461666558761 0.3524324
3918 4594 -0.603583149112848 0.1627027
5643 6653 -0.997065816548095 0.4803604
5774 6814 -0.0113426463857094 0.5852252
1287 1524 -2.51200184835776 0.6441441
5028 5952 0.745846848123215 0.350991
5735 6765 1.18885870495917 0.3686486
1209 1465 -0.0658814647787854 0.8868468
1069 1256 0.440837168000629 0.4144144
6241 7369 0.944966732066161 0.1028829
6275 7414 -2.06182260576161 0.254054
3088 3638 0.675909174131418 0.09837838
6065 7169 1.70960080257433 0.7547747
1798 2160 -1.30899792969509 0.1663063
466 558 -0.839418766801662 0.592973
3097 3649 -0.23773678416741 0.04288288
272 326 0.978035030038624 0.914955
3232 3827 0.464915842997497 0.9365766
6972 8218 -0.115454341940561 0.5763964
7007 8258 -0.648366113077426 0.7655856
4714 5562 -0.181405826240816 0.2693694
3401 4009 1.70475253205527 0.3398198
3013 3577 1.91140596349424 0.807027
2544 3008 0.593131486603067 0.9018018
4892 5779 -0.85135927548846 0.9064865
4554 5352 -0.38111503466983 0.3012613
1736 2061 -0.955955126346404 0.7297297
5811 6861 1.21990992425646 0.1342342
7068 8334 0.17294201545316 0.847027
4710 5554 -0.326246235738978 0.3882883
1994 2359 0.978023735459215 0.02900901
4205 4932 0.442912385577962 0.2504505
5686 6706 -0.3405166460939 0.8699099
6717 7937 0.506014987881911 0.7205405
5337 6370 -0.0595612542391146 0.1300901
2034 2540 0.750548890027877 0.1861261
6353 7502 -1.39805697509844 0.7722523
6577 7920 -0.063941644008946 0.1917117
7319 8605 -1.73211765770328 0.0609009
5602 6608 -0.515559114426873 0.3336937
165 216 -0.607097028696445 0.2621621
6185 7291 -1.23681883335671 0.4190991
1357 1608 -0.0903592423995672 0.8931531
6933 8169 0.0509165174895705 0.9392793
3906 4574 0.048841539767406 0.3473874
4267 5016 -0.975827187290787 0.650991
5182 6128 -0.245527549267632 0.6495495
6009 7093 0.250199904006437 0.3574775
1180 1422 1.00935724629757 0.2972973
5280 6272 0.0329242389916218 0.7363964
2254 2659 0.833070256511281 0.3097297
5498 6502 2.0850708264167 0.2781982
1680 1988 1.5752404943353 0.2911712
6316 7463 0.169850454152755 0.8677477
5797 6842 1.50813681063489 0.4531532
6203 7321 -0.457793114942227 0.5918919
6400 7543 -0.902859273770479 0.230991
4766 5651 -0.848241925343684 0.7778378
578 671 -1.80068294081893 0.5504504
2991 3547 -1.54265329558329 0.4016216
5979 7056 1.39781881966945 0.4079279
2337 2736 1.08659889134861 0.134955
5786 6829 -0.375523774392121 0.5198198
653 765 0.0906281923037548 0.5227027
5892 6936 0.650452234390582 0.3347748
2845 3373 -0.495644026734957 0.7679279
4021 4728 0.413017052890684 0.3875676
7498 8787 -0.385670680016387 0.54
4573 5381 0.241304391982487 0.9969369
1602 1887 0.738203125159304 0.2403604
3616 4239 -0.585849723374176 0.2538739
237 480 -1.20178080693269 0.5882883
4845 5716 0.173326181977005 0.4430631
4458 5233 -0.282686912659941 0.8416216
4442 5215 -0.762100313548279 0.8068469
4364 5111 0.560470718383127 0.430991
3920 4596 0.460233078057715 0.8209009
1178 1416 -0.899766935191864 0.1855856
4505 5293 -0.50750861105649 0.2562162
2170 2551 1.34883725186119 0.2745946
4761 5644 -0.393297611285459 0.2227027
843 988 -0.0288183781644086 0.5542342
851 997 -0.837157593219636 0.367027
545 625 0.312350641981999 0.5405405
3139 3705 -0.672908610100571 1.16018
4446 5219 0.524638436588951 0.8951352
2427 2874 0.352333917268368 0.2913513
5079 6002 0.350436967918682 0.2061261
1623 1919 0.27893169202997 0.7372973
5871 6990 -1.73584619354453 0.1645045
2194 2585 0.7848340055569 0.8792793
2360 2774 -0.0566651484419433 0.9118919
3898 4559 -0.120905753644052 0.8736937
3121 3683 0.140313754479771 0.6830631
7627 8958 0.0992763164955219 0.174955
6330 7482 0.0638349985323415 0.6787387
7069 8335 -0.808825235530275 0.5286487
1767 2099 1.41669820980682 0.6621622
3224 3818 2.26706458014091 0.5104504
2670 3166 0.91554513189517 0.6935135
4607 5680 -0.861760241571423 0.4034234
4702 5542 0.112485120383552 0.403964
6428 7581 -0.429922801463944 0.8338739
7240 8511 -1.49835321821672 0.5832433
857 1004 0.587033053930827 0.6223423
1454 1732 -1.3941272337983 0.8900901
3067 3613 0.293140343919439 0.8210811
1463 1743 0.762673877937044 1.017658
1696 2007 0.28840914000714 0.3697297
2777 3550 -1.45127403353303 0.7872072
6248 7381 0.479447777865298 0.623964
4661 5475 -0.31938500756504 0.7167568
852 998 -0.118151736709961 0.367027
1825 2142 0.675683314497902 0.7272072
7244 8515 0.165580674635772 0.09405405
4597 5402 -0.406883936977689 0.316036
2727 3241 1.29304027401214 0.3655856
7449 8729 -1.58630465478407 0.4920721
2354 2766 -0.0869983025472162 0.910991
3434 4054 -0.55655467855248 0.8918919
166 217 1.38903318100898 0.5279279
743 894 -1.1015512330111 0.5131531
2426 2872 -0.965844628568087 0.4313514
191 252 0.298246766026073 0.4863063
512 620 0.464151134920149 0.4724324
726 869 2.07686883404187 0.2479279
6404 7548 -0.287602450440485 0.2176577
5077 6180 0.33771072892088 0.06432433
4272 5022 0.214107049998596 0.4416216
7203 8468 1.00517617342329 0.9102703
262 315 -1.32425976144155 0.8158559
3735 4386 -1.1728620951248 0.7367567
2142 2513 -0.901449126956027 0.6434234
3646 4282 1.04293853104866 0.6722522
868 1022 -0.902975753150189 0.427027
7243 8514 0.863107453805345 0.1036036
1267 1505 -0.529970849210001 0.8009009
4468 5245 -1.33415618273875 0.9007207
1344 1592 0.884433634886707 0.6372973
4061 4775 -0.15383600403255 0.4677477
6618 7823 -0.920417770852201 0.7872072
6519 7733 -0.871283315969002 1.033333
6274 7413 -1.35921521977912 0.9324324
447 534 -0.268633637353927 0.02216216
5633 6642 -1.25950674611791 0.7061262
5620 6627 -0.353748430194421 0.3299099
4511 5299 1.24137954102668 0.2645045
66 91 1.147514588921 0.7809009
5047 5975 0.890410172488122 0.2081081
3527 4164 0.254836188326803 0.4241441
7353 8643 0.448181368635838 0.4601802
3425 4044 0.735654203548123 0.909009
2440 2897 -0.395184980530132 0.86
1201 1456 -0.213868193538914 0.4785586
6515 7728 -0.206248237093854 0.9733334
492 589 0.353856977526433 0.4636036
4653 5461 0.716001748628168 0.716036
1890 2219 0.111702892157248 0.3726126
251 350 1.32237042612729 0.6965766
6127 7222 0.240549865882275 0.5926126
3156 3725 0.551987823490064 0.08792793
2913 3458 1.78660797479169 0.5201802
2885 3424 -0.190086774936854 0.04594595
6476 7666 -0.35292383322835 0.4971171
877 1035 -0.734909949470826 0.4605405
2338 2737 0.590762512054685 0.6497297
4931 5829 0.496684452990768 0.4533333
2333 2731 0.358746927718797 1.07009
2788 3307 -0.12551406682607 0.4882883
2290 2820 -0.0387630727949433 0.4430631
6070 7176 -1.83275525203509 0.8354955
6325 7475 -1.84098882785614 0.4187388
1308 1547 0.777201118534813 0.5445045
969 1159 -0.353119009941488 0.1769369
5916 6972 -1.09261849458757 0.5151351
2910 3454 -1.49649266997732 0.8652252
7064 8329 0.332030850555285 0.9043244
5277 6267 -0.538903690659702 0.4515315
5619 6625 0.153194542904993 0.7230631
3751 4405 1.28782517840788 0.8846847
3464 4088 0.407901682359888 0.8805405
1518 1960 -0.704078973250865 0.8126126
4709 5553 0.966293955323086 0.641982
2826 3351 0.727115545741412 0.5491892
6845 8097 -0.415278552820749 0.2488288
7560 8872 0.0629809345675829 0.7016216
3110 3667 0.747690714991655 0.9232432
1295 1533 1.87808042596963 0.3144144
4427 5198 -0.0980623382900655 0.8724324
6154 7254 0.913254771991876 0.9264865
3957 4646 -1.37289226259192 0.8627027
2047 2690 0.492438295027592 0.6281081
2998 3557 0.585411846451097 0.5163964
2387 2814 -1.66065981980338 0.9326126
1506 1795 1.68204088160795 0.7272072
831 974 -0.926131773112453 0.8589189
2678 3175 -0.0168444343943792 0.8571171
4767 5652 -0.098238245154192 0.9825225
5709 6735 0.0361034766859559 0.09027027
3341 3928 -0.283927528626423 0.8095496
3718 4366 -2.65767878638439 1.041622
7156 8411 -0.299682815428877 0.3421622
6144 7243 1.12718482313125 0.8072072
7223 8492 0.568791177215077 0.5614414
6268 7406 -3.0796552776825 0.8697298
3654 4291 1.54623717951006 0.6601802
2171 2552 -1.36451068483436 0.9464865
746 897 0.832315157189874 0.1726126
3818 4488 0.0693213695904731 0.7556757
2765 3420 0.647965602491248 0.8668469
1129 1348 -1.18735760137268 0.2452252
3714 4362 -0.404935567694049 0.8234234
1453 1731 -0.363327170196454 0.6436036
7502 8793 1.07964415636313 0.2295496
5351 6321 0.784248176814189 0.5594594
2920 3466 0.201397357330301 1.021982
5111 6026 -1.1178198393548 0.6866667
3061 3608 0.00162285616433144 0.9735135
6197 7311 -0.872713985624567 0.03207207
6431 7585 0.206319806471355 0.8018018
672 794 0.667005230914541 0.3124324
4985 5897 -0.932791561142443 1.044865
1662 1967 0.511426217843391 0.5754955
3850 4800 0.686477213173068 0.3043243
1980 2342 -0.80719295821747 0.2837838
3775 4436 -0.595589752929439 1.008649
2331 2728 0.87319944143608 0.7535135
3797 4465 0.0293035727136554 0.6927928
6910 8143 -0.542518633462785 0.5861261
4032 4742 1.09748165173602 0.7025225
5034 5959 -0.81037891057664 0.8441442
6282 7422 0.273151096622989 0.4353153
4287 5038 -0.888699688023256 0.7727928
2181 2566 -1.1774791388379 0.1951351
7230 8499 -0.541631103227159 0.783964
2637 3125 -0.104481407756376 0.8446847
6004 7085 0.262756370544337 0.221982
4231 4965 -0.358550324553134 0.9064865
4471 5249 -2.34693490616971 0.6900901
1864 2187 1.68441159408542 0.3911712
3540 4181 -2.00368743478113 0.9522523
7500 8791 0.290225277272713 0.1495495
4779 5666 -0.519170708755478 0.4374775
5140 6073 1.66217055224765 0.872973
1362 1614 1.2185612083531 0.5978379
7403 8840 -0.279072213304536 0.1479279
2951 3501 1.01814529629817 0.3308108
3178 3755 -1.76783480882152 0.1313514
811 949 0.404307980922166 0.1744144
5864 6940 -3.00420056862762 0.7095495
5953 7024 -0.333283520243203 0.9126126
4827 5970 -0.0670954234094907 0.03135135
980 1172 0.492090838093671 0.6079279
6589 8040 0.793381645859932 0.5942342
5710 6736 0.322369334397504 0.5551351
3985 4683 0.689547780302704 0.9344144
5434 6428 -1.03878723089133 0.6646847
1962 2317 -0.497254329176539 0.8463063
4578 5386 0.749033066347918 0.7367567
6571 7797 -0.119683276858451 0.6234234
2590 3069 0.979280119204827 0.6108108
1968 2326 -0.6946165216303 0.4857658
514 810 0.277783282569852 0.8962162
4542 5337 -0.393636935188709 0.6798198
6992 8241 -0.283021552629833 0.2596397
6113 7250 0.958005236644929 0.7655856
4549 5346 -1.08023627338589 0.3823423
1800 2170 0.396295947699015 0.04810811
2766 3440 1.46362929675116 0.6392793
6487 7684 0.436314182870915 0.6944144
922 1098 1.20967965819786 0.5272072
2628 3115 0.488952528005315 0.5214415
5252 6233 -1.21544893096888 0.3814414
2606 3087 0.955035471415897 0.6682883
6452 7616 -0.345392473688672 0.1868469
38 35 -0.903767656441117 0.6785586
5652 6665 -1.01284280690584 0.6491892
1297 1535 0.997441729759595 0.6778378
3752 4406 -0.917310218947111 0.1632432
1438 1709 -1.97384389406731 0.03585586
6921 8156 -1.45305939584975 0.8677477
7163 8419 0.834442502418342 0.5347748
2257 2663 0.75036828942224 0.3809009
2067 2417 0.97692346825634 0.621982
536 615 0.249285877649961 0.7023423
3725 4374 0.460641760822233 0.8336937
5793 6837 -0.430732112094767 0.5048649
3706 4352 -0.329513277931605 0.3522522
6319 7467 -1.2926316124786 0.6936937
862 1012 -0.840873794352065 0.1931532
982 1175 -1.16642856677437 0.8627027
5461 6458 0.255184420630395 0.4237838
1379 1634 0.594753997555275 0.3266667
7215 8483 0.0771357442248716 0.3933333
1276 1511 -0.306172705192989 0.656036
3149 3716 0.884533664348828 0.1275676
3266 3869 0.633831989118847 0.9882883
6303 7446 -0.858011237259569 0.3798198
5893 6937 -0.382404177779278 0.905946
4324 5083 0.536908733474476 0.3682883
7021 8274 -0.378189069763571 0.8486487
2449 2908 -0.58925963184119 0.7767568
3287 3893 0.317200658411866 0.2100901
7516 8808 -0.675291895907062 0.3587388
1869 2193 0.60140354576197 0.9632432
167 218 0.987933488744514 0.5279279
1266 1540 0.92869467573394 0.2436036
3772 4433 -1.072428200923 0.03747748
1342 1589 0.0935649970843372 0.7169369
5050 5978 -1.49791696859291 0.2401802
4290 5042 1.88606093161705 0.5286487
2538 3300 -0.758545768777895 0.5428829
1508 1797 -0.792961501936068 0.5374775
745 896 -1.8891249390423 1.087568
6219 7339 2.43696282956165 0.8477477
3476 4102 -0.26610189204054 0.3558559
4241 4981 -0.0533627916881755 1.112432
1088 1283 0.228211646069956 0.9293694
1303 1542 0.184166113857099 0.2830631
2667 3163 0.692835332571096 0.7225225
2840 3366 0.0396408021446219 0.2463063
4815 5860 -2.23878745797443 0.6140541
7308 8593 -1.42338982792456 0.03801802
5333 6350 -0.731342627222282 0.9010811
6347 7620 0.587432668270653 0.1571171
5134 6063 1.78042939681023 0.8185586
7205 8471 -0.0215506925815905 0.6756757
5289 6282 0.452692027592068 0.8601802
2167 2547 -0.156428474281762 0.8057657
1232 1493 0.502255868235426 0.8203604
1487 1771 0.463164230785232 0.8111712
1642 1944 -0.948816358530288 0.3261261
1223 1482 0.496808326223733 0.6954955
4400 5161 0.396002968899893 0.8513514
2271 2678 -0.087100435228904 0.1356757
3265 3868 2.00468213120631 0.8344144
5771 6811 -0.943320298326251 0.2418018
3855 4570 0.616058344453087 0.4954955
4181 4904 0.747335439845856 0.2201802
1802 2180 1.49710848483272 0.8502703
7088 8362 -1.25616865273983 0.7037838
3934 4616 -0.00115738035990724 0.3978378
5313 6470 1.58643812943097 0.5084684
4270 5019 1.13258052832489 0.09261261
1486 1769 1.33723260097249 0.6891892
3868 4524 0.124237467394596 0.02198198
2228 2625 0.323379380113696 0.5232432
4045 4757 1.59406347751713 0.8845045
5285 6277 -0.230477599707223 0.4347748
1581 1857 -0.749004209144184 0.7383784
3961 4651 -1.93248326145239 0.3032432
4402 5166 0.0740819192012938 0.6911712
3836 4680 -0.21199387439413 0.425045
5579 6730 -0.971470411134245 0.6126126
14 250 1.09964250483027 0.5947748
5447 6443 -1.72000896430791 0.6506307
1651 1954 -0.410003258816896 0.7454054
6764 7994 0.50907622856165 0.4454054
4758 5641 -0.277033979199538 1.056216
242 530 0.41527107190722 0.6073874
22 5 -0.165699748086962 0.1463063
7262 8537 -0.877776460962084 0.8663063
301 363 -0.95166044214952 0.2010811
4972 5881 0.184199249156059 0.9362162
6645 7854 -1.07134653219651 0.5513514
3666 4305 0.217173253873664 0.5311711
7556 8867 -1.01348984120715 0.4135135
2902 3445 0.857061169225005 0.4405406
5823 6878 -0.0871618467499763 0.3081081
6649 7858 0.0384655499640485 0.06972973
4539 5334 0.458827074832088 0.9009009
598 696 0.346163510056497 0.8945946
4844 5715 -1.98833741006533 0.1497297
1026 1204 0.00688466108833034 0.490991
4817 5880 0.808597062356999 0.05189189
2657 3151 -1.0902108538387 0.6897298
4547 5344 0.835557785138194 0.4985586
1738 2063 0.749935190047592 0.7450451
7252 8524 0.155857258415264 0.3055856
648 759 0.812647671036469 0.8544144
6812 8055 0.536745213124466 0.4989189
2313 2770 1.02317578942553 0.8810811
7038 8296 2.35320127609455 0.7976577
7354 8644 0.570376480482903 0.2767568
77 103 1.08803277771382 0.1918919
1528 2070 -1.43942953153146 0.4259459
6444 7602 -0.314492230649983 0.5715315
6277 7416 0.532541087205191 0.4140541
1889 2218 -0.273133746204444 1.08955
4014 4718 0.0201220740347421 0.3297297
3227 3822 -0.562322395403437 0.234955
5734 6763 0.546462579865026 0.6149549
7651 8986 -0.502167738061414 0.4691892
7474 8761 0.049723189332347 0.438018
4680 5497 0.65235527800178 0.6576577
5368 6339 -0.400958499168927 0.7792793
2447 2906 1.22453143611322 0.2279279
2887 3428 1.04622981480623 0.7960361
7580 8898 -0.690781032500559 0.4331532
3640 4274 0.774360149141489 0.8527928
6997 8247 -1.93209588908648 0.7281081
3275 3879 -1.26554865455136 0.2434234
7194 8458 2.03941193069814 0.9563964
1611 1901 1.037229801675 0.08396396
2249 2654 0.0299851499920651 0.04774775
2270 2677 -1.44133199866326 0.4079279
244 570 -0.903113481597178 0.1996396
522 604 -0.708197583318829 0.3351351
7102 8377 -0.175553305584682 0.7697297
5069 6100 -0.12837095700044 0.6886486
4276 5026 0.489047220604367 0.3405405
2069 2421 0.16638719412518 0.9463063
2054 2450 0.47564759733574 0.1798198
1850 2172 2.59078850087498 0.3234234
1204 1459 -0.44847695226479 0.7895495
4519 5308 -1.94948278755529 0.9461261
3174 3749 1.07489589554917 0.3720721
886 1046 -0.205985004983034 0.6136937
6897 8128 -0.331316665307937 0.9171171
2139 2509 0.900376885491904 0.4135135
3573 4440 -0.433799217726919 1.022162
4199 4925 0.175970397982577 0.8531532
4668 5484 0.963322903700803 0.4203604
5692 6713 -0.227697571946468 0.56
2214 2609 2.28984141146595 0.3886487
2232 2629 1.64510124425979 0.3583784
3075 3623 0.772026423975878 1.057658
4217 4947 -0.155051701513276 0.2536937
6765 7996 -0.466686535210566 0.7124324
6726 7947 0.415671619500932 1.09045
2407 2845 -0.533837106245591 0.8832433
6776 8013 -2.08849420088584 0.9221622
515 840 0.903078682615914 0.2176577
2947 3496 -1.10506096298716 0.8468468
4040 4752 0.0380807469505142 0.778018
1841 2161 0.268666611700808 0.7284685
4360 5106 -0.150883848679817 0.7704505
2419 2862 -1.7015027187866 0.2816216
3589 4280 2.04062727451785 0.8828829
3406 4016 0.991950480622639 0.5014414
7119 8399 -0.353328358100817 0.6585585
5996 7076 -0.384024517551871 0.7554955
589 685 -1.35033008422504 0.1753153
2634 3122 -0.396501933552305 0.4789189
3005 3565 -0.73142040115356 0.4969369
4911 5804 1.60681486106739 0.1628829
3674 4315 -0.517086223829013 0.5735135
4332 5093 -0.904719513234032 0.6436036
4574 5382 -0.491061921585063 0.02558559
4251 4992 -0.376477098869349 0.3145946
1095 1303 -1.34147671304252 0.3198198
6285 7425 -1.48673661694566 0.7834234
3877 4534 0.265238326886059 0.3625225
2107 2468 1.33051794314323 0.150991
4833 5706 1.29970690914621 0.5879279
1948 2296 0.429758126555954 0.8848649
3667 4307 -0.98368238287724 0.5313513
7279 8558 -0.726104713431097 0.1895496
5677 6695 -0.266386394267795 0.7392793
3521 4157 0.764438577604652 0.5886487
5558 6579 1.16781184914972 0.4001802
1015 1400 0.760183050590399 0.7012613
1789 2380 -0.910237293024689 0.3756757
1551 1821 -1.88871584671109 0.7409009
2532 3240 0.102948808260429 0.3769369
4107 4806 -1.11329167018875 0.4367568
6596 7830 -1.17206367385158 0.9792793
5112 6027 0.0731098243158021 0.8938739
2264 2671 1.18206498576008 0.6868469
3643 4277 0.193154114337195 0.9441441
1340 1587 2.29807264768821 0.1472072
1938 2279 0.583209931107975 0.8996397
4568 5372 -0.815635695471412 0.2627027
1710 2024 0.227872811416914 0.6187387
2341 2743 -0.281733316348848 0.5527928
6641 7849 -1.12258411208999 1.032072
6654 7865 -0.62559171678082 0.6598198
5209 6168 0.696435286675839 0.8320721
747 898 -0.691116357594381 0.8769369
1545 1814 -1.13790775307752 0.3866667
3847 4770 -1.11811713152672 0.7230631
6840 8089 -1.63396297903199 0.5915315
7037 8295 -0.00116396828596812 0.3765766
5164 6107 0.715371549224774 0.4630631
7239 8509 1.50457030246665 1.01009
2558 3025 0.0912129619452165 0.1481081
6983 8231 -1.06075102106134 0.8091892
5880 6921 0.120894656933447 0.9196396
4724 5587 1.87391271722804 0.05225225
6891 8121 0.209472495825834 0.1818018
6820 8065 0.836431281880439 0.2682883
2131 2497 -0.119388738713434 0.06810811
3395 4002 -1.29209197207903 0.7336937
1112 1326 -1.03115806518197 0.5904505
7615 8942 3.59583672565634 0.3097297
3236 3832 0.352653463871678 0.9637838
6057 7159 -0.717176752544987 0.04198198
6937 8174 -0.657171575524318 0.2308108
5454 6451 -0.184410094025047 0.5971171
3328 3914 -2.05199598859456 0.7212613
7177 8437 0.5104099526801 0.1872072
3860 4513 -1.58945200055669 0.08108108
2682 3179 0.900717589865812 0.6956757
6463 7639 1.91662129115713 0.1565766
2001 2367 0.185620215328679 0.1482883
523 605 -0.13166749966064 0.1733333
1793 2400 -1.28616023932887 0.1389189
3370 3971 -1.38005592978981 0.5906307
1426 1695 1.68037100626224 0.3131531
5192 6143 -0.141329926656935 0.3043243
6631 7837 0.204331055477183 0.3030631
6180 7284 -1.87293434491517 0.1136937
2363 2777 0.325848485004593 0.5652252
4544 5341 1.32751848044797 0.7506306
5120 6037 -0.947024539029118 0.9322522
2425 2871 -1.42471245172312 0.6095495
1972 2333 0.518345730134436 0.5812613
316 379 0.179203459236892 0.2518919
2312 2707 1.44161936120249 0.8432432
6955 8198 -1.89575876159785 0.2012613
5310 6440 2.30642825916019 1.043784
1382 1637 -1.43231565773303 0.09405405
7386 8686 -0.283752589411937 0.6589189
5274 6264 -0.820958511841434 0.6821622
3647 4283 0.598513618817515 0.147027
5654 6667 1.00537436042065 0.9529729
3683 4326 1.27935577529728 0.9958559
190 251 0.202585914529536 0.863063
5657 6671 1.13652198085256 0.8072072
295 356 1.55010795461402 0.4715315
4877 5761 0.427607766014335 0.6837838
3701 4346 -0.19481152014356 0.861982
3260 3863 2.2491830236374 0.725045
1517 1950 -0.484969160701314 0.4272072
3762 4422 1.07851575538698 0.4205405
7652 8987 -0.959672323750609 0.3517117
5267 6254 0.398015375314315 0.9803604
6145 7244 -0.695088719785381 0.8072072
2332 2729 1.33079595718084 1.069189
1652 1955 -0.708970691737444 0.4857658
4567 5371 -1.11895776160249 0.8282883
1039 1213 1.10613019187383 0.4648649
4089 4990 -1.43219568218926 0.9156757
5232 6196 -1.27076057716713 0.3055856
4806 5697 -0.597934450799013 0.8609009
6610 7814 0.822056536133696 0.2073874
154 204 0.277763497472744 0.5891892
1644 1946 0.5236108306983 0.2275676
6420 7571 -0.139823048201512 0.7655856
7462 8746 -0.0171383853109328 1.067748
712 851 1.65679901154631 0.5209009
2384 2811 -2.2911940121012 0.821982
2144 2515 1.69303065362852 0.02036036
871 1026 -2.26874539937025 0.4227027
2518 3010 0.0665666090205339 0.8863063
6501 7712 0.41493576941192 0.04738739
4137 4841 -0.018725986070079 0.5902703
4230 4964 0.449741415662378 0.06018018
2730 3246 1.10816294554786 1.017838
875 1032 -0.675123634077788 0.4185586
2099 2458 0.159534693938586 0.1772973
7200 8465 0.0375621296750732 0.9787387
34 27 -0.74052953910365 0.6976576
7209 8475 -1.2311693798653 0.7675676
330 395 0.177593125571025 0.9931532
4062 4776 -0.772016386257698 0.6803604
6045 7144 0.849659300333857 0.5688288
426 508 0.00139715448658888 1.014595
5751 6785 -0.65221507813339 0.4578378
550 631 0.224521805081405 0.5567567
1688 1997 1.77482307346482 0.345946
792 927 -2.09642982508143 1.041261
2424 2869 1.30758266016915 0.4691892
5934 7002 -0.261199291836658 0.05531532
6175 7277 2.34501049387284 0.4915315
1976 2337 -0.149468601129796 0.8441442
491 588 -0.615118940023363 0.6526126
40 41 0.184613170053316 1.009189
147 194 0.845791652519434 0.1535135
2155 2531 -0.765326461408904 0.498018
341 407 -0.466096969759767 0.5457658
6055 7156 1.6005977688717 0.214054
5312 6460 1.92867477234499 0.3704504
2652 3143 2.22967829841102 0.4009009
1784 2330 0.420911739742508 0.9304504
5302 6296 0.446981609317375 0.9533333
257 390 0.738068633711099 1.02018
4161 4876 0.684820947740523 0.7138739
905 1077 -1.32099438811306 0.9931532
2146 2517 -1.0592858972082 0.9872072
6809 8052 -0.566978796582982 0.1695496
3699 4344 2.31013914252378 0.2136937
276 331 1.75375915903726 0.207027
4999 5914 1.1675022666705 0.8156757
2222 2618 2.32191366145861 0.4612613
302 364 0.198555828177573 0.2578378
1079 1271 -1.77839254809407 0.5113513
4049 4762 1.10948049271176 0.4104505
7569 8884 -0.497345860993612 0.7879279
2802 3319 -1.44193831670248 0.1508108
5292 6285 1.27760466165796 0.6230631
5249 6227 -0.997984920584358 0.3481081
7631 8963 0.0640087832196782 0.7297297
4422 5192 1.47930817523304 0.7803603
988 1182 0.0286939431394758 0.7818018
5476 6476 0.350882468837541 0.8468468
3478 4104 0.272509129773643 0.6920721
7634 8966 1.32804020665968 0.4306306
5650 6663 0.303022564038321 0.9163964
313 376 -0.293412412595319 0.5081081
54 72 0.480613708795251 0.9079279
2446 2904 0.187418407879947 0.7286487
6568 7793 0.65098658283042 0.3682883
951 1136 -2.00089869375919 0.914955
2487 2964 -0.895935191670786 0.1695496
1273 1508 -1.03407888359435 0.8908108
2028 2399 2.42146389817243 0.4830631
2790 3308 1.85572773557598 0.238018
3447 4069 1.08560477110346 0.8241441
7180 8442 0.967298783107086 0.7360361
7313 8598 -0.326923872742423 0.1088288
5573 6599 1.16135106342969 0.2614414
6511 7723 0.236038133272646 0.3563964
1038 1212 -0.594930031146161 0.4601802
768 930 -0.411717667488503 0.7466667
6170 7272 0.000333065437701402 0.3981982
387 462 -2.29655454713516 0.3061261
5593 6603 0.890037863554549 0.2745946
1876 2201 0.78751152260899 0.8353153
2372 2792 0.533259046782648 0.8412613
6707 7926 -1.62849962113488 0.0445045
2056 2407 0.169511366261309 0.7463063
7012 8264 -0.457052102508479 0.5221621
1149 1375 1.14886374707348 0.585946
936 1119 1.31374651182491 0.7481081
2672 3168 -0.836678682970159 0.649009
361 431 -0.377428451843634 0.7854054
5094 6006 0.841232208664434 0.6401802
1293 1531 2.25607347145769 0.4246847
2687 3188 -0.0302761538747441 0.5241442
4720 5569 0.436769235501841 0.249009
5102 6013 1.35924671603708 0.3927928
5559 6581 -0.130725932361514 0.3394594
7549 8854 -0.263897674416809 0.07513513
5409 6393 0.276737584650082 0.4852252
2835 3361 0.241819894216527 0.5045045
5966 7039 0.773108613750595 0.2900901
1161 1394 -0.891920591329493 1.111171
1103 1313 -0.578353450478291 0.6581982
2937 3485 0.605286823477489 0.1151351
4695 5524 1.27203021318168 0.0363964
3827 4501 -0.353154011673872 0.1169369
1455 1734 0.616162735404735 0.6499099
2744 3269 -0.567639270496997 0.9742342
1575 1849 1.23837315111996 0.8691892
2133 2502 0.720262221207273 0.914955
893 1061 -0.117280335113815 0.6632432
1189 1433 0.67570332319014 0.5989189
1281 1516 -0.825340649421638 0.8945946
4465 5242 0.787142589100933 0.2803604
6901 8133 -0.0652326520877233 0.8441442
2946 3495 0.652905110119012 0.9475676
6735 7958 1.46177152041834 0.8641441
2129 2495 0.542065954479967 0.7207207
639 747 -0.62543314257893 0.9308108
804 942 0.654774140417213 0.3142342
2555 3021 -1.50246491512672 0.8854054
2861 3393 0.579591333336921 0.7639639
1168 1402 0.337813751304546 0.7318919
2626 3113 0.892273043276161 0.7960361
3615 4237 2.19337441898444 0.734054
4809 5701 -0.590079306963367 0.2032432
3359 3954 -1.62546438613193 0.92
6527 7742 -1.10983965755353 0.463964
4713 5561 0.322665513698221 0.2390991
5484 6486 0.006489679000528 0.6646847
2615 3098 0.840617031309426 0.7171171
927 1106 0.864424823079649 0.6515315
5625 6633 -0.762323080858869 0.7383784
3107 3662 -0.78235660688919 0.4196396
5923 6987 0.51136224483474 0.4232433
5921 6983 0.0886647531607667 0.9439639
2695 3201 1.20465914526336 0.3531531
3503 4134 -0.212202439666887 1.052613
102 136 1.27817138939776 0.6670271
1692 2002 1.46746839144569 0.5742342
707 844 -0.267969341384185 0.6756757
3024 3594 0.131913832146566 0.2891892
722 865 -0.816623598864378 0.836937
7361 8652 0.915344733046696 0.4776576
7176 8436 -0.0893086388041701 0.2504505
3488 4116 2.14772679868304 0.5190991
5773 6813 0.083379475949014 0.4036036
4670 5486 -0.48877555136112 0.8436036
3456 4079 -3.11598582538648 0.6281081
3092 3643 -0.514187670325478 0.2171171
5812 6862 -0.29410784278139 0.1342342
3416 4032 -0.313709183451875 0.02900901
6956 8199 -0.38734599345655 0.2018018
7373 8668 -0.149380598260614 0.0618018
1727 2048 -0.0519721251480074 0.4502703
1908 2244 0.357310363386075 0.3072072
7190 8453 -0.715623143204781 1.026487
2888 3429 0.223889673417063 0.4481081
3379 3982 0.139319333381885 0.1594595
2629 3116 1.39649757588775 0.6972973
7630 8962 -0.597436437556108 0.7203603
7242 8513 -0.0476237558010536 0.6996396
6556 7776 -1.66102514883163 0.4398198
4482 5264 0.425941293035834 0.4652252
6739 7964 -1.13633128977406 0.6949549
4091 4820 -0.655127756467374 0.5522522
679 804 -0.946375626516165 0.7673874
3293 3901 0.280454766242167 0.7414414
5825 6883 -1.4608287819346 0.5590991
6667 7881 -0.404134284945074 1.021802
5944 7013 -0.754874970074899 0.4736937
28 14 1.26353595026424 0.3771171
1645 1947 -2.35450976282831 0.6848649
1674 1982 -1.14444123601023 0.4554955
3415 4031 0.511088265557195 0.3144144
5494 6497 -0.630678174354748 0.4181982
3079 3627 -0.753802946303737 0.03243243
375 446 -1.08669698341384 0.1252252
1335 1582 1.37219451646867 0.05207207
7061 8326 1.42462252045054 0.06540541
6036 7134 -0.355314718723182 0.8443244
493 591 -0.0776353028031842 0.6872072
5426 6417 0.223615842194661 0.06576577
1499 1786 0.255715163576566 1.043243
4117 4815 -0.314831991132554 1.025586
2922 3468 -0.69286592976604 0.7978379
1136 1357 -0.47114199846959 0.9142342
3516 4149 -0.199959083574803 0.9018018
5957 7028 -0.971660338978414 0.07657658
6212 7332 0.586206314366331 0.3203604
